<?xml version="1.0" encoding="UTF-8"?>
<testng-results ignored="0" total="5" passed="4" failed="1" skipped="0">
  <reporter-output>
    <line>
      <![CDATA[<a href='C:\Users\sohaibcool\eclipse-workspace\BTCcom\src\main\java\screenshot\blank_12_03_2018_10_34_40.png'> <img src='C:\Users\sohaibcool\eclipse-workspace\BTCcom\src\main\java\screenshot\blank_12_03_2018_10_34_40.png' height='100' width='100'/> </a>]]>
    </line>
  </reporter-output>
  <suite started-at="2018-03-12T09:34:26Z" name="Default suite" finished-at="2018-03-12T09:34:47Z" duration-ms="20182">
    <groups>
    </groups>
    <test started-at="2018-03-12T09:34:26Z" name="Default test" finished-at="2018-03-12T09:34:47Z" duration-ms="20182">
      <class name="btcTestSuite.TC_CreateWallet">
        <test-method is-config="true" signature="setUp()[pri:0, instance:btcTestSuite.TC_CreateWallet@57bc27f5]" started-at="2018-03-12T10:34:26Z" name="setUp" finished-at="2018-03-12T10:34:33Z" duration-ms="6759" status="PASS">
          <reporter-output>
          </reporter-output>
        </test-method> <!-- setUp -->
        <test-method is-config="true" signature="beforeMethod(java.lang.reflect.Method)[pri:0, instance:btcTestSuite.TC_CreateWallet@57bc27f5]" started-at="2018-03-12T10:34:33Z" name="beforeMethod" finished-at="2018-03-12T10:34:33Z" duration-ms="3" status="PASS">
          <params>
            <param index="0">
              <value>
                <![CDATA[public void btcTestSuite.TC_CreateWallet.createWallet()]]>
              </value>
            </param>
          </params>
          <reporter-output>
          </reporter-output>
        </test-method> <!-- beforeMethod -->
        <test-method signature="createWallet()[pri:1, instance:btcTestSuite.TC_CreateWallet@57bc27f5]" started-at="2018-03-12T10:34:33Z" name="createWallet" finished-at="2018-03-12T10:34:39Z" duration-ms="5404" status="PASS">
          <reporter-output>
          </reporter-output>
        </test-method> <!-- createWallet -->
        <test-method is-config="true" signature="afterMethod(org.testng.ITestResult)[pri:0, instance:btcTestSuite.TC_CreateWallet@57bc27f5]" started-at="2018-03-12T10:34:39Z" name="afterMethod" finished-at="2018-03-12T10:34:39Z" duration-ms="0" status="PASS">
          <params>
            <param index="0">
              <value>
                <![CDATA[[TestResult name=createWallet status=SUCCESS method=TC_CreateWallet.createWallet()[pri:1, instance:btcTestSuite.TC_CreateWallet@57bc27f5] output={null}]]]>
              </value>
            </param>
          </params>
          <reporter-output>
          </reporter-output>
        </test-method> <!-- afterMethod -->
        <test-method is-config="true" signature="beforeMethod(java.lang.reflect.Method)[pri:0, instance:btcTestSuite.TC_CreateWallet@57bc27f5]" started-at="2018-03-12T10:34:39Z" name="beforeMethod" finished-at="2018-03-12T10:34:39Z" duration-ms="1" status="PASS">
          <params>
            <param index="0">
              <value>
                <![CDATA[public void btcTestSuite.TC_CreateWallet.withBlankUserID()]]>
              </value>
            </param>
          </params>
          <reporter-output>
          </reporter-output>
        </test-method> <!-- beforeMethod -->
        <test-method signature="withBlankUserID()[pri:2, instance:btcTestSuite.TC_CreateWallet@57bc27f5]" started-at="2018-03-12T10:34:39Z" name="withBlankUserID" finished-at="2018-03-12T10:34:40Z" duration-ms="941" status="FAIL">
          <exception class="org.openqa.selenium.StaleElementReferenceException">
            <message>
              <![CDATA[stale element reference: element is not attached to the page document
  (Session info: chrome=65.0.3325.146)
  (Driver info: chromedriver=2.35.528161 (5b82f2d2aae0ca24b877009200ced9065a772e73),platform=Windows NT 10.0.16299 x86_64) (WARNING: The server did not provide any stacktrace information)
Command duration or timeout: 0 milliseconds
For documentation on this error, please visit: http://seleniumhq.org/exceptions/stale_element_reference.html
Build info: version: '3.7.1', revision: '8a0099a', time: '2017-11-06T21:01:39.354Z'
System info: host: 'DESKTOP-9CMKQ9G', ip: '10.4.86.110', os.name: 'Windows 10', os.arch: 'amd64', os.version: '10.0', java.version: '9.0.4'
Driver info: org.openqa.selenium.chrome.ChromeDriver
Capabilities {acceptInsecureCerts: false, acceptSslCerts: false, applicationCacheEnabled: false, browserConnectionEnabled: false, browserName: chrome, chrome: {chromedriverVersion: 2.35.528161 (5b82f2d2aae0ca..., userDataDir: C:\Users\SOHAIB~1\AppData\L...}, cssSelectorsEnabled: true, databaseEnabled: false, handlesAlerts: true, hasTouchScreen: false, javascriptEnabled: true, locationContextEnabled: true, mobileEmulationEnabled: false, nativeEvents: true, networkConnectionEnabled: false, pageLoadStrategy: normal, platform: XP, platformName: XP, rotatable: false, setWindowRect: true, takesHeapSnapshot: true, takesScreenshot: true, unexpectedAlertBehaviour: , unhandledPromptBehavior: , version: 65.0.3325.146, webStorageEnabled: true}
Session ID: d94999b1a9743900ab572c6ea741eb2b]]>
            </message>
            <full-stacktrace>
              <![CDATA[org.openqa.selenium.StaleElementReferenceException: stale element reference: element is not attached to the page document
  (Session info: chrome=65.0.3325.146)
  (Driver info: chromedriver=2.35.528161 (5b82f2d2aae0ca24b877009200ced9065a772e73),platform=Windows NT 10.0.16299 x86_64) (WARNING: The server did not provide any stacktrace information)
Command duration or timeout: 0 milliseconds
For documentation on this error, please visit: http://seleniumhq.org/exceptions/stale_element_reference.html
Build info: version: '3.7.1', revision: '8a0099a', time: '2017-11-06T21:01:39.354Z'
System info: host: 'DESKTOP-9CMKQ9G', ip: '10.4.86.110', os.name: 'Windows 10', os.arch: 'amd64', os.version: '10.0', java.version: '9.0.4'
Driver info: org.openqa.selenium.chrome.ChromeDriver
Capabilities {acceptInsecureCerts: false, acceptSslCerts: false, applicationCacheEnabled: false, browserConnectionEnabled: false, browserName: chrome, chrome: {chromedriverVersion: 2.35.528161 (5b82f2d2aae0ca..., userDataDir: C:\Users\SOHAIB~1\AppData\L...}, cssSelectorsEnabled: true, databaseEnabled: false, handlesAlerts: true, hasTouchScreen: false, javascriptEnabled: true, locationContextEnabled: true, mobileEmulationEnabled: false, nativeEvents: true, networkConnectionEnabled: false, pageLoadStrategy: normal, platform: XP, platformName: XP, rotatable: false, setWindowRect: true, takesHeapSnapshot: true, takesScreenshot: true, unexpectedAlertBehaviour: , unhandledPromptBehavior: , version: 65.0.3325.146, webStorageEnabled: true}
Session ID: d94999b1a9743900ab572c6ea741eb2b
	at java.base/jdk.internal.reflect.NativeConstructorAccessorImpl.newInstance0(Native Method)
	at java.base/jdk.internal.reflect.NativeConstructorAccessorImpl.newInstance(Unknown Source)
	at java.base/jdk.internal.reflect.DelegatingConstructorAccessorImpl.newInstance(Unknown Source)
	at java.base/java.lang.reflect.Constructor.newInstance(Unknown Source)
	at org.openqa.selenium.remote.ErrorHandler.createThrowable(ErrorHandler.java:214)
	at org.openqa.selenium.remote.ErrorHandler.throwIfResponseFailed(ErrorHandler.java:166)
	at org.openqa.selenium.remote.http.JsonHttpResponseCodec.reconstructValue(JsonHttpResponseCodec.java:40)
	at org.openqa.selenium.remote.http.AbstractHttpResponseCodec.decode(AbstractHttpResponseCodec.java:80)
	at org.openqa.selenium.remote.http.AbstractHttpResponseCodec.decode(AbstractHttpResponseCodec.java:44)
	at org.openqa.selenium.remote.HttpCommandExecutor.execute(HttpCommandExecutor.java:164)
	at org.openqa.selenium.remote.service.DriverCommandExecutor.execute(DriverCommandExecutor.java:83)
	at org.openqa.selenium.remote.RemoteWebDriver.execute(RemoteWebDriver.java:600)
	at org.openqa.selenium.remote.RemoteWebElement.execute(RemoteWebElement.java:279)
	at org.openqa.selenium.remote.RemoteWebElement.clear(RemoteWebElement.java:118)
	at java.base/jdk.internal.reflect.NativeMethodAccessorImpl.invoke0(Native Method)
	at java.base/jdk.internal.reflect.NativeMethodAccessorImpl.invoke(Unknown Source)
	at java.base/jdk.internal.reflect.DelegatingMethodAccessorImpl.invoke(Unknown Source)
	at java.base/java.lang.reflect.Method.invoke(Unknown Source)
	at org.openqa.selenium.support.pagefactory.internal.LocatingElementHandler.invoke(LocatingElementHandler.java:51)
	at com.sun.proxy.$Proxy15.clear(Unknown Source)
	at uiActions.RegisterPage.createAccount(RegisterPage.java:87)
	at btcTestSuite.TC_CreateWallet.withBlankUserID(TC_CreateWallet.java:95)
	at java.base/jdk.internal.reflect.NativeMethodAccessorImpl.invoke0(Native Method)
	at java.base/jdk.internal.reflect.NativeMethodAccessorImpl.invoke(Unknown Source)
	at java.base/jdk.internal.reflect.DelegatingMethodAccessorImpl.invoke(Unknown Source)
	at java.base/java.lang.reflect.Method.invoke(Unknown Source)
	at org.testng.internal.MethodInvocationHelper.invokeMethod(MethodInvocationHelper.java:108)
	at org.testng.internal.Invoker.invokeMethod(Invoker.java:661)
	at org.testng.internal.Invoker.invokeTestMethod(Invoker.java:869)
	at org.testng.internal.Invoker.invokeTestMethods(Invoker.java:1193)
	at org.testng.internal.TestMethodWorker.invokeTestMethods(TestMethodWorker.java:126)
	at org.testng.internal.TestMethodWorker.run(TestMethodWorker.java:109)
	at org.testng.TestRunner.privateRun(TestRunner.java:744)
	at org.testng.TestRunner.run(TestRunner.java:602)
	at org.testng.SuiteRunner.runTest(SuiteRunner.java:380)
	at org.testng.SuiteRunner.runSequentially(SuiteRunner.java:375)
	at org.testng.SuiteRunner.privateRun(SuiteRunner.java:340)
	at org.testng.SuiteRunner.run(SuiteRunner.java:289)
	at org.testng.SuiteRunnerWorker.runSuite(SuiteRunnerWorker.java:52)
	at org.testng.SuiteRunnerWorker.run(SuiteRunnerWorker.java:86)
	at org.testng.TestNG.runSuitesSequentially(TestNG.java:1301)
	at org.testng.TestNG.runSuitesLocally(TestNG.java:1226)
	at org.testng.TestNG.runSuites(TestNG.java:1144)
	at org.testng.TestNG.run(TestNG.java:1115)
	at org.testng.remote.AbstractRemoteTestNG.run(AbstractRemoteTestNG.java:114)
	at org.testng.remote.RemoteTestNG.initAndRun(RemoteTestNG.java:251)
	at org.testng.remote.RemoteTestNG.main(RemoteTestNG.java:77)
]]>
            </full-stacktrace>
          </exception> <!-- org.openqa.selenium.StaleElementReferenceException -->
          <reporter-output>
          </reporter-output>
        </test-method> <!-- withBlankUserID -->
        <test-method is-config="true" signature="afterMethod(org.testng.ITestResult)[pri:0, instance:btcTestSuite.TC_CreateWallet@57bc27f5]" started-at="2018-03-12T10:34:40Z" name="afterMethod" finished-at="2018-03-12T10:34:40Z" duration-ms="367" status="PASS">
          <params>
            <param index="0">
              <value>
                <![CDATA[[TestResult name=withBlankUserID status=FAILURE method=TC_CreateWallet.withBlankUserID()[pri:2, instance:btcTestSuite.TC_CreateWallet@57bc27f5] output={null}]]]>
              </value>
            </param>
          </params>
          <reporter-output>
            <line>
              <![CDATA[<a href='C:\Users\sohaibcool\eclipse-workspace\BTCcom\src\main\java\screenshot\blank_12_03_2018_10_34_40.png'> <img src='C:\Users\sohaibcool\eclipse-workspace\BTCcom\src\main\java\screenshot\blank_12_03_2018_10_34_40.png' height='100' width='100'/> </a>]]>
            </line>
          </reporter-output>
        </test-method> <!-- afterMethod -->
        <test-method is-config="true" signature="beforeMethod(java.lang.reflect.Method)[pri:0, instance:btcTestSuite.TC_CreateWallet@57bc27f5]" started-at="2018-03-12T10:34:40Z" name="beforeMethod" finished-at="2018-03-12T10:34:40Z" duration-ms="1" status="PASS">
          <params>
            <param index="0">
              <value>
                <![CDATA[public void btcTestSuite.TC_CreateWallet.withBlankPassword()]]>
              </value>
            </param>
          </params>
          <reporter-output>
          </reporter-output>
        </test-method> <!-- beforeMethod -->
        <test-method signature="withBlankPassword()[pri:3, instance:btcTestSuite.TC_CreateWallet@57bc27f5]" started-at="2018-03-12T10:34:40Z" name="withBlankPassword" finished-at="2018-03-12T10:34:40Z" duration-ms="551" status="PASS">
          <reporter-output>
          </reporter-output>
        </test-method> <!-- withBlankPassword -->
        <test-method is-config="true" signature="afterMethod(org.testng.ITestResult)[pri:0, instance:btcTestSuite.TC_CreateWallet@57bc27f5]" started-at="2018-03-12T10:34:40Z" name="afterMethod" finished-at="2018-03-12T10:34:40Z" duration-ms="1" status="PASS">
          <params>
            <param index="0">
              <value>
                <![CDATA[[TestResult name=withBlankPassword status=SUCCESS method=TC_CreateWallet.withBlankPassword()[pri:3, instance:btcTestSuite.TC_CreateWallet@57bc27f5] output={null}]]]>
              </value>
            </param>
          </params>
          <reporter-output>
          </reporter-output>
        </test-method> <!-- afterMethod -->
        <test-method is-config="true" signature="beforeMethod(java.lang.reflect.Method)[pri:0, instance:btcTestSuite.TC_CreateWallet@57bc27f5]" started-at="2018-03-12T10:34:40Z" name="beforeMethod" finished-at="2018-03-12T10:34:40Z" duration-ms="1" status="PASS">
          <params>
            <param index="0">
              <value>
                <![CDATA[public void btcTestSuite.TC_CreateWallet.withBlankUserandPassword()]]>
              </value>
            </param>
          </params>
          <reporter-output>
          </reporter-output>
        </test-method> <!-- beforeMethod -->
        <test-method signature="withBlankUserandPassword()[pri:4, instance:btcTestSuite.TC_CreateWallet@57bc27f5]" started-at="2018-03-12T10:34:40Z" name="withBlankUserandPassword" finished-at="2018-03-12T10:34:41Z" duration-ms="363" status="PASS">
          <reporter-output>
          </reporter-output>
        </test-method> <!-- withBlankUserandPassword -->
        <test-method is-config="true" signature="afterMethod(org.testng.ITestResult)[pri:0, instance:btcTestSuite.TC_CreateWallet@57bc27f5]" started-at="2018-03-12T10:34:41Z" name="afterMethod" finished-at="2018-03-12T10:34:41Z" duration-ms="1" status="PASS">
          <params>
            <param index="0">
              <value>
                <![CDATA[[TestResult name=withBlankUserandPassword status=SUCCESS method=TC_CreateWallet.withBlankUserandPassword()[pri:4, instance:btcTestSuite.TC_CreateWallet@57bc27f5] output={null}]]]>
              </value>
            </param>
          </params>
          <reporter-output>
          </reporter-output>
        </test-method> <!-- afterMethod -->
        <test-method is-config="true" signature="beforeMethod(java.lang.reflect.Method)[pri:0, instance:btcTestSuite.TC_CreateWallet@57bc27f5]" started-at="2018-03-12T10:34:41Z" name="beforeMethod" finished-at="2018-03-12T10:34:41Z" duration-ms="0" status="PASS">
          <params>
            <param index="0">
              <value>
                <![CDATA[public void btcTestSuite.TC_CreateWallet.withJunkLongUserandPassword()]]>
              </value>
            </param>
          </params>
          <reporter-output>
          </reporter-output>
        </test-method> <!-- beforeMethod -->
        <test-method signature="withJunkLongUserandPassword()[pri:5, instance:btcTestSuite.TC_CreateWallet@57bc27f5]" started-at="2018-03-12T10:34:41Z" name="withJunkLongUserandPassword" finished-at="2018-03-12T10:34:47Z" duration-ms="5767" status="PASS">
          <reporter-output>
          </reporter-output>
        </test-method> <!-- withJunkLongUserandPassword -->
        <test-method is-config="true" signature="afterMethod(org.testng.ITestResult)[pri:0, instance:btcTestSuite.TC_CreateWallet@57bc27f5]" started-at="2018-03-12T10:34:47Z" name="afterMethod" finished-at="2018-03-12T10:34:47Z" duration-ms="0" status="PASS">
          <params>
            <param index="0">
              <value>
                <![CDATA[[TestResult name=withJunkLongUserandPassword status=SUCCESS method=TC_CreateWallet.withJunkLongUserandPassword()[pri:5, instance:btcTestSuite.TC_CreateWallet@57bc27f5] output={null}]]]>
              </value>
            </param>
          </params>
          <reporter-output>
          </reporter-output>
        </test-method> <!-- afterMethod -->
        <test-method is-config="true" signature="endTest()[pri:0, instance:btcTestSuite.TC_CreateWallet@57bc27f5]" started-at="2018-03-12T10:34:47Z" name="endTest" finished-at="2018-03-12T10:34:47Z" duration-ms="0" status="PASS">
          <reporter-output>
          </reporter-output>
        </test-method> <!-- endTest -->
      </class> <!-- btcTestSuite.TC_CreateWallet -->
    </test> <!-- Default test -->
  </suite> <!-- Default suite -->
</testng-results>
